1/24/2017, 11:02:52: The server is running on port 3000
1/24/2017, 11:22:13: download ...Whatever That Means/THE NEWEST HOPE/01 PEACE OF MIND.mp3
1/24/2017, 11:22:29: test/foo.mp3 deleted
1/24/2017, 11:22:29: the file at C:/Users/Kyle/Music/test/foo.mp3 has been deleted
1/24/2017, 11:23:30: the file test/me4.jpg has been renamed to test/me.jpg
1/24/2017, 11:38:48: download ...Whatever That Means/THE NEWEST HOPE/01 PEACE OF MIND.mp3
1/24/2017, 11:52:10: download ...Whatever That Means/THE NEWEST HOPE/01 PEACE OF MIND.mp3
1/24/2017, 11:52:14: download ...Whatever That Means/THE NEWEST HOPE/01 PEACE OF MIND.mp3
1/24/2017, 11:56:41: download ...Whatever That Means/THE NEWEST HOPE/01 PEACE OF MIND.mp3
1/24/2017, 11:57:14: download test/me.jpg
1/24/2017, 12:08:16: download test/me.jpg
1/24/2017, 12:20:16: download test/me.jpg
1/24/2017, 12:20:43: download test/me.jpg
1/24/2017, 12:22:20: download test/Sample.avi
1/24/2017, 12:22:40: download test/SampleVideo_1280x720_1mb.mp4
1/24/2017, 12:23:02: download test/SampleVideo_1280x720_1mb.mp4
1/24/2017, 12:41:34: download test/Sample.avi
1/24/2017, 12:41:36: chunk test/Sample.avi, 34585012-34854427
1/24/2017, 12:41:37: chunk test/Sample.avi, 1142404-34854427
1/24/2017, 12:56:43: download test/me.jpg
1/24/2017, 14:14:12: download ...Whatever That Means/THE NEWEST HOPE/01 PEACE OF MIND.mp3
1/24/2017, 14:14:13: download ...Whatever That Means/THE NEWEST HOPE/01 PEACE OF MIND.mp3
1/24/2017, 14:17:03: download test/Sample.avi
1/24/2017, 14:18:33: download test/SampleVideo_1280x720_1mb.mp4
1/24/2017, 16:35:49: download test/Sample.avi
1/24/2017, 16:35:52: chunk test/Sample.avi, 34585012-34854427
1/24/2017, 16:35:54: chunk test/Sample.avi, 1142404-34854427
1/24/2017, 16:36:14: download The Cure - Greatest Hits/01 - The Cure - Boys Don't Cry.mp3
1/24/2017, 16:40:54: download Rise Against - Discography/Rise Against - The Sufferer & The Witness/1 Chamber the Cartridge.mp3
1/24/2017, 16:55:21: download ...Whatever That Means/THE NEWEST HOPE/01 PEACE OF MIND.mp3
1/24/2017, 17:28:44: download test/me.jpg
1/24/2017, 18:07:46: download test/Sample.avi
1/24/2017, 18:07:50: chunk test/Sample.avi, 34585012-34854427
1/24/2017, 18:07:51: chunk test/Sample.avi, 1142404-34854427
1/24/2017, 18:08:39: download test/SampleVideo_1280x720_1mb.mp4
1/24/2017, 18:08:40: chunk test/SampleVideo_1280x720_1mb.mp4, 920435-1055735
1/24/2017, 18:08:40: download test/SampleVideo_1280x720_1mb.mp4
1/24/2017, 18:08:41: chunk test/SampleVideo_1280x720_1mb.mp4, 920435-1055735
1/24/2017, 18:08:43: download test/SampleVideo_1280x720_1mb.mp4
1/24/2017, 18:10:52: download test/me.jpg
1/24/2017, 18:10:53: download test/me.jpg
1/24/2017, 18:13:59: download test/me.jpg
1/24/2017, 18:23:29: download ...Whatever That Means/THE NEWEST HOPE/01 PEACE OF MIND.mp3
1/24/2017, 18:28:52: download ...Whatever That Means/THE NEWEST HOPE/01 PEACE OF MIND.mp3
1/24/2017, 18:29:08: download ...Whatever That Means/THE NEWEST HOPE/01 PEACE OF MIND.mp3
1/24/2017, 18:30:42: download test/me.jpg
1/24/2017, 18:32:02: download ...Whatever That Means/THE NEWEST HOPE/01 PEACE OF MIND.mp3
1/24/2017, 18:32:04: chunk ...Whatever That Means/THE NEWEST HOPE/01 PEACE OF MIND.mp3, 1226920-8316807
